<?xml version="1.0" encoding="UTF-8"?>
<!-- Generated by org.testng.reporters.JUnitXMLReporter -->
<testsuite ignored="0" hostname="HP" failures="0" tests="11" name="Surefire test" time="36.945" errors="0" timestamp="2025-07-12T22:36:13 IST">
  <testcase classname="factorial_site_testing.AboutPageLinksCountTest" name="checkAboutPageLinks" time="1.352"/>
  <testcase classname="factorial_site_testing.BugValidationTest" name="privacyLinkShouldNotRedirectToTermsURL" time="7.531"/>
  <testcase classname="factorial_site_testing.FactorialDataProviderTest" name="verifyFactorial" time="0.86"/>
  <testcase classname="factorial_site_testing.FactorialDataProviderTest" name="verifyFactorial" time="0.789"/>
  <testcase classname="factorial_site_testing.FactorialDataProviderTest" name="verifyFactorial" time="0.78"/>
  <testcase classname="factorial_site_testing.FactorialDataProviderTest" name="verifyFactorial" time="0.751"/>
  <testcase classname="factorial_site_testing.FactorialDataProviderTest" name="verifyFactorial" time="0.739"/>
  <testcase classname="factorial_site_testing.FactorialDataProviderTest" name="verifyFactorial" time="0.754"/>
  <testcase classname="factorial_site_testing.FactorialDataProviderTest" name="verifyFactorial" time="0.8"/>
  <testcase classname="factorial_site_testing.PlaceholderTextTest" name="checkPlaceholderTitleURL" time="0.064"/>
  <testcase classname="factorial_site_testing.UITest" name="validateUIElements" time="0.215"/>
</testsuite> <!-- Surefire test -->
