<?xml version="1.0" encoding="UTF-8"?>
<testsuite xmlns:xsi="http://www.w3.org/2001/XMLSchema-instance" xsi:noNamespaceSchemaLocation="https://maven.apache.org/surefire/maven-surefire-plugin/xsd/surefire-test-report-3.0.xsd" version="3.0" name="TestSuite" time="37.862" tests="11" errors="0" skipped="0" failures="0">
  <properties>
[...]
</properties>
  <testcase name="checkAboutPageLinks" classname="factorial_site_testing.AboutPageLinksCountTest" time="1.355">
    <system-out><![CDATA[Validating checkAboutPageLinks...
this advice article
greatest QA company
Things to Try Before Hiring Your First QA
Qxf2's Essential QA Service
Qxf2's Foundational QA Service
UI automation
API automation
AI/ML model testing efforts
code-reading
Weather Shopper application
write up
app locally
Home
Qxf2 Services
]]></system-out>
    <system-err><![CDATA[SLF4J(W): No SLF4J providers were found.
SLF4J(W): Defaulting to no-operation (NOP) logger implementation
SLF4J(W): See https://www.slf4j.org/codes.html#noProviders for further details.
Jul 12, 2025 10:35:41 PM org.openqa.selenium.devtools.CdpVersionFinder findNearestMatch
WARNING: Unable to find CDP implementation matching 138
Jul 12, 2025 10:35:41 PM org.openqa.selenium.chromium.ChromiumDriver lambda$new$5
WARNING: Unable to find version of CDP to use for 138.0.7204.101. You may need to include a dependency on a specific version of the CDP using something similar to `org.seleniumhq.selenium:selenium-devtools-v86:4.27.0` where the version ("v86") matches the version of the chromium-based browser you're using and the version number of the artifact is the same as Selenium's.
]]></system-err>
  </testcase>
  <testcase name="privacyLinkShouldNotRedirectToTermsURL" classname="factorial_site_testing.BugValidationTest" time="7.531">
    <system-out><![CDATA[Validating BugValidationTest...
Redirected URL after clicking Privacy: https://qainterview.pythonanywhere.com/terms
]]></system-out>
    <system-err><![CDATA[Jul 12, 2025 10:35:46 PM org.openqa.selenium.devtools.CdpVersionFinder findNearestMatch
WARNING: Unable to find CDP implementation matching 138
Jul 12, 2025 10:35:46 PM org.openqa.selenium.chromium.ChromiumDriver lambda$new$5
WARNING: Unable to find version of CDP to use for 138.0.7204.101. You may need to include a dependency on a specific version of the CDP using something similar to `org.seleniumhq.selenium:selenium-devtools-v86:4.27.0` where the version ("v86") matches the version of the chromium-based browser you're using and the version number of the artifact is the same as Selenium's.
]]></system-err>
  </testcase>
  <testcase name="verifyFactorial[4, 24](1)" classname="factorial_site_testing.FactorialDataProviderTest" time="0.865">
    <system-out><![CDATA[Validating verifyFactorial...
The factorial of 4 is: 24
]]></system-out>
    <system-err><![CDATA[Jul 12, 2025 10:35:58 PM org.openqa.selenium.devtools.CdpVersionFinder findNearestMatch
WARNING: Unable to find CDP implementation matching 138
Jul 12, 2025 10:35:58 PM org.openqa.selenium.chromium.ChromiumDriver lambda$new$5
WARNING: Unable to find version of CDP to use for 138.0.7204.101. You may need to include a dependency on a specific version of the CDP using something similar to `org.seleniumhq.selenium:selenium-devtools-v86:4.27.0` where the version ("v86") matches the version of the chromium-based browser you're using and the version number of the artifact is the same as Selenium's.
]]></system-err>
  </testcase>
  <testcase name="verifyFactorial[5, 120](2)" classname="factorial_site_testing.FactorialDataProviderTest" time="0.786">
    <system-out><![CDATA[Validating verifyFactorial...
The factorial of 5 is: 120
]]></system-out>
  </testcase>
  <testcase name="verifyFactorial[6, 720](3)" classname="factorial_site_testing.FactorialDataProviderTest" time="0.779">
    <system-out><![CDATA[Validating verifyFactorial...
The factorial of 6 is: 720
]]></system-out>
  </testcase>
  <testcase name="verifyFactorial[7, 5040](4)" classname="factorial_site_testing.FactorialDataProviderTest" time="0.752">
    <system-out><![CDATA[Validating verifyFactorial...
The factorial of 7 is: 5040
]]></system-out>
  </testcase>
  <testcase name="verifyFactorial[8, 40320](5)" classname="factorial_site_testing.FactorialDataProviderTest" time="0.739">
    <system-out><![CDATA[Validating verifyFactorial...
The factorial of 8 is: 40320
]]></system-out>
  </testcase>
  <testcase name="verifyFactorial[9, 362880](6)" classname="factorial_site_testing.FactorialDataProviderTest" time="0.756">
    <system-out><![CDATA[Validating verifyFactorial...
The factorial of 9 is: 362880
]]></system-out>
  </testcase>
  <testcase name="verifyFactorial[10, 3628800](7)" classname="factorial_site_testing.FactorialDataProviderTest" time="0.801">
    <system-out><![CDATA[Validating verifyFactorial...
The factorial of 10 is: 3628800
]]></system-out>
  </testcase>
  <testcase name="checkPlaceholderTitleURL" classname="factorial_site_testing.PlaceholderTextTest" time="0.066">
    <system-out><![CDATA[Validating checkPlaceholderTitleURL...
]]></system-out>
    <system-err><![CDATA[Jul 12, 2025 10:36:07 PM org.openqa.selenium.devtools.CdpVersionFinder findNearestMatch
WARNING: Unable to find CDP implementation matching 138
Jul 12, 2025 10:36:07 PM org.openqa.selenium.chromium.ChromiumDriver lambda$new$5
WARNING: Unable to find version of CDP to use for 138.0.7204.101. You may need to include a dependency on a specific version of the CDP using something similar to `org.seleniumhq.selenium:selenium-devtools-v86:4.27.0` where the version ("v86") matches the version of the chromium-based browser you're using and the version number of the artifact is the same as Selenium's.
]]></system-err>
  </testcase>
  <testcase name="validateUIElements" classname="factorial_site_testing.UITest" time="0.215">
    <system-out><![CDATA[Validating UI Elements...
]]></system-out>
    <system-err><![CDATA[Jul 12, 2025 10:36:11 PM org.openqa.selenium.devtools.CdpVersionFinder findNearestMatch
WARNING: Unable to find CDP implementation matching 138
Jul 12, 2025 10:36:11 PM org.openqa.selenium.chromium.ChromiumDriver lambda$new$5
WARNING: Unable to find version of CDP to use for 138.0.7204.101. You may need to include a dependency on a specific version of the CDP using something similar to `org.seleniumhq.selenium:selenium-devtools-v86:4.27.0` where the version ("v86") matches the version of the chromium-based browser you're using and the version number of the artifact is the same as Selenium's.
]]></system-err>
  </testcase>
</testsuite>