<?xml version="1.0" encoding="UTF-8"?>
<testng-results ignored="0" total="11" passed="11" failed="0" skipped="0">
  <reporter-output>
  </reporter-output>
  <suite started-at="2025-07-12T22:35:36 IST" name="Surefire suite" finished-at="2025-07-12T22:36:13 IST" duration-ms="36945">
    <groups>
    </groups>
    <test started-at="2025-07-12T22:35:36 IST" name="Surefire test" finished-at="2025-07-12T22:36:13 IST" duration-ms="36945">
      <class name="factorial_site_testing.UITest">
        <test-method is-config="true" signature="openApp()[pri:0, instance:factorial_site_testing.UITest@7adda9cc]" started-at="2025-07-12T22:36:09 IST" name="openApp" finished-at="2025-07-12T22:36:12 IST" duration-ms="3394" status="PASS">
          <reporter-output>
          </reporter-output>
        </test-method> <!-- openApp -->
        <test-method signature="validateUIElements()[pri:0, instance:factorial_site_testing.UITest@7adda9cc]" started-at="2025-07-12T22:36:12 IST" name="validateUIElements" finished-at="2025-07-12T22:36:13 IST" duration-ms="215" status="PASS">
          <reporter-output>
          </reporter-output>
        </test-method> <!-- validateUIElements -->
        <test-method is-config="true" signature="tearDown()[pri:0, instance:factorial_site_testing.UITest@7adda9cc]" started-at="2025-07-12T22:36:13 IST" name="tearDown" finished-at="2025-07-12T22:36:13 IST" duration-ms="174" status="PASS">
          <reporter-output>
          </reporter-output>
        </test-method> <!-- tearDown -->
      </class> <!-- factorial_site_testing.UITest -->
      <class name="factorial_site_testing.PlaceholderTextTest">
        <test-method is-config="true" signature="openApp()[pri:0, instance:factorial_site_testing.PlaceholderTextTest@7c0c77c7]" started-at="2025-07-12T22:36:05 IST" name="openApp" finished-at="2025-07-12T22:36:09 IST" duration-ms="3370" status="PASS">
          <reporter-output>
          </reporter-output>
        </test-method> <!-- openApp -->
        <test-method signature="checkPlaceholderTitleURL()[pri:0, instance:factorial_site_testing.PlaceholderTextTest@7c0c77c7]" started-at="2025-07-12T22:36:09 IST" name="checkPlaceholderTitleURL" finished-at="2025-07-12T22:36:09 IST" duration-ms="64" status="PASS">
          <reporter-output>
          </reporter-output>
        </test-method> <!-- checkPlaceholderTitleURL -->
        <test-method is-config="true" signature="tearDown()[pri:0, instance:factorial_site_testing.PlaceholderTextTest@7c0c77c7]" started-at="2025-07-12T22:36:09 IST" name="tearDown" finished-at="2025-07-12T22:36:09 IST" duration-ms="197" status="PASS">
          <reporter-output>
          </reporter-output>
        </test-method> <!-- tearDown -->
      </class> <!-- factorial_site_testing.PlaceholderTextTest -->
      <class name="factorial_site_testing.AboutPageLinksCountTest">
        <test-method is-config="true" signature="openApp()[pri:0, instance:factorial_site_testing.AboutPageLinksCountTest@5ccddd20]" started-at="2025-07-12T22:35:36 IST" name="openApp" finished-at="2025-07-12T22:35:43 IST" duration-ms="7243" status="PASS">
          <reporter-output>
          </reporter-output>
        </test-method> <!-- openApp -->
        <test-method signature="checkAboutPageLinks()[pri:0, instance:factorial_site_testing.AboutPageLinksCountTest@5ccddd20]" started-at="2025-07-12T22:35:43 IST" name="checkAboutPageLinks" finished-at="2025-07-12T22:35:44 IST" duration-ms="1352" status="PASS">
          <reporter-output>
          </reporter-output>
        </test-method> <!-- checkAboutPageLinks -->
        <test-method is-config="true" signature="tearDown()[pri:0, instance:factorial_site_testing.AboutPageLinksCountTest@5ccddd20]" started-at="2025-07-12T22:35:44 IST" name="tearDown" finished-at="2025-07-12T22:35:45 IST" duration-ms="280" status="PASS">
          <reporter-output>
          </reporter-output>
        </test-method> <!-- tearDown -->
      </class> <!-- factorial_site_testing.AboutPageLinksCountTest -->
      <class name="factorial_site_testing.FactorialDataProviderTest">
        <test-method is-config="true" signature="openApp()[pri:0, instance:factorial_site_testing.FactorialDataProviderTest@48aaecc3]" started-at="2025-07-12T22:35:56 IST" name="openApp" finished-at="2025-07-12T22:36:00 IST" duration-ms="3552" status="PASS">
          <reporter-output>
          </reporter-output>
        </test-method> <!-- openApp -->
        <test-method signature="verifyFactorial(java.lang.String,java.lang.String)[pri:0, instance:factorial_site_testing.FactorialDataProviderTest@48aaecc3]" started-at="2025-07-12T22:36:00 IST" name="verifyFactorial" data-provider="numbers" finished-at="2025-07-12T22:36:00 IST" duration-ms="860" status="PASS">
          <params>
            <param index="0">
              <value>
                <![CDATA[4]]>
              </value>
            </param>
            <param index="1">
              <value>
                <![CDATA[24]]>
              </value>
            </param>
          </params>
          <reporter-output>
          </reporter-output>
        </test-method> <!-- verifyFactorial -->
        <test-method signature="verifyFactorial(java.lang.String,java.lang.String)[pri:0, instance:factorial_site_testing.FactorialDataProviderTest@48aaecc3]" started-at="2025-07-12T22:36:00 IST" name="verifyFactorial" data-provider="numbers" finished-at="2025-07-12T22:36:01 IST" duration-ms="789" status="PASS">
          <params>
            <param index="0">
              <value>
                <![CDATA[5]]>
              </value>
            </param>
            <param index="1">
              <value>
                <![CDATA[120]]>
              </value>
            </param>
          </params>
          <reporter-output>
          </reporter-output>
        </test-method> <!-- verifyFactorial -->
        <test-method signature="verifyFactorial(java.lang.String,java.lang.String)[pri:0, instance:factorial_site_testing.FactorialDataProviderTest@48aaecc3]" started-at="2025-07-12T22:36:01 IST" name="verifyFactorial" data-provider="numbers" finished-at="2025-07-12T22:36:02 IST" duration-ms="780" status="PASS">
          <params>
            <param index="0">
              <value>
                <![CDATA[6]]>
              </value>
            </param>
            <param index="1">
              <value>
                <![CDATA[720]]>
              </value>
            </param>
          </params>
          <reporter-output>
          </reporter-output>
        </test-method> <!-- verifyFactorial -->
        <test-method signature="verifyFactorial(java.lang.String,java.lang.String)[pri:0, instance:factorial_site_testing.FactorialDataProviderTest@48aaecc3]" started-at="2025-07-12T22:36:02 IST" name="verifyFactorial" data-provider="numbers" finished-at="2025-07-12T22:36:03 IST" duration-ms="751" status="PASS">
          <params>
            <param index="0">
              <value>
                <![CDATA[7]]>
              </value>
            </param>
            <param index="1">
              <value>
                <![CDATA[5040]]>
              </value>
            </param>
          </params>
          <reporter-output>
          </reporter-output>
        </test-method> <!-- verifyFactorial -->
        <test-method signature="verifyFactorial(java.lang.String,java.lang.String)[pri:0, instance:factorial_site_testing.FactorialDataProviderTest@48aaecc3]" started-at="2025-07-12T22:36:03 IST" name="verifyFactorial" data-provider="numbers" finished-at="2025-07-12T22:36:03 IST" duration-ms="739" status="PASS">
          <params>
            <param index="0">
              <value>
                <![CDATA[8]]>
              </value>
            </param>
            <param index="1">
              <value>
                <![CDATA[40320]]>
              </value>
            </param>
          </params>
          <reporter-output>
          </reporter-output>
        </test-method> <!-- verifyFactorial -->
        <test-method signature="verifyFactorial(java.lang.String,java.lang.String)[pri:0, instance:factorial_site_testing.FactorialDataProviderTest@48aaecc3]" started-at="2025-07-12T22:36:03 IST" name="verifyFactorial" data-provider="numbers" finished-at="2025-07-12T22:36:04 IST" duration-ms="754" status="PASS">
          <params>
            <param index="0">
              <value>
                <![CDATA[9]]>
              </value>
            </param>
            <param index="1">
              <value>
                <![CDATA[362880]]>
              </value>
            </param>
          </params>
          <reporter-output>
          </reporter-output>
        </test-method> <!-- verifyFactorial -->
        <test-method signature="verifyFactorial(java.lang.String,java.lang.String)[pri:0, instance:factorial_site_testing.FactorialDataProviderTest@48aaecc3]" started-at="2025-07-12T22:36:04 IST" name="verifyFactorial" data-provider="numbers" finished-at="2025-07-12T22:36:05 IST" duration-ms="800" status="PASS">
          <params>
            <param index="0">
              <value>
                <![CDATA[10]]>
              </value>
            </param>
            <param index="1">
              <value>
                <![CDATA[3628800]]>
              </value>
            </param>
          </params>
          <reporter-output>
          </reporter-output>
        </test-method> <!-- verifyFactorial -->
        <test-method is-config="true" signature="tearDown()[pri:0, instance:factorial_site_testing.FactorialDataProviderTest@48aaecc3]" started-at="2025-07-12T22:36:05 IST" name="tearDown" finished-at="2025-07-12T22:36:05 IST" duration-ms="345" status="PASS">
          <reporter-output>
          </reporter-output>
        </test-method> <!-- tearDown -->
      </class> <!-- factorial_site_testing.FactorialDataProviderTest -->
      <class name="factorial_site_testing.BugValidationTest">
        <test-method is-config="true" signature="openApp()[pri:0, instance:factorial_site_testing.BugValidationTest@60d8c9b7]" started-at="2025-07-12T22:35:45 IST" name="openApp" finished-at="2025-07-12T22:35:48 IST" duration-ms="3311" status="PASS">
          <reporter-output>
          </reporter-output>
        </test-method> <!-- openApp -->
        <test-method signature="privacyLinkShouldNotRedirectToTermsURL()[pri:0, instance:factorial_site_testing.BugValidationTest@60d8c9b7]" started-at="2025-07-12T22:35:48 IST" name="privacyLinkShouldNotRedirectToTermsURL" finished-at="2025-07-12T22:35:56 IST" duration-ms="7531" status="PASS">
          <reporter-output>
          </reporter-output>
        </test-method> <!-- privacyLinkShouldNotRedirectToTermsURL -->
        <test-method is-config="true" signature="tearDown()[pri:0, instance:factorial_site_testing.BugValidationTest@60d8c9b7]" started-at="2025-07-12T22:35:56 IST" name="tearDown" finished-at="2025-07-12T22:35:56 IST" duration-ms="343" status="PASS">
          <reporter-output>
          </reporter-output>
        </test-method> <!-- tearDown -->
      </class> <!-- factorial_site_testing.BugValidationTest -->
    </test> <!-- Surefire test -->
  </suite> <!-- Surefire suite -->
</testng-results>
